<?xml version="1.0" encoding="UTF-8"?>
<testng-results ignored="0" total="1" passed="1" failed="0" skipped="0">
  <reporter-output>
  </reporter-output>
  <suite started-at="2020-12-19T13:33:06 CST" name="Default suite" finished-at="2020-12-19T13:33:11 CST" duration-ms="5268">
    <groups>
    </groups>
    <test started-at="2020-12-19T13:33:06 CST" name="Default test" finished-at="2020-12-19T13:33:11 CST" duration-ms="5268">
      <class name="SeleniumDemoScript1.POMTestCase">
        <test-method is-config="true" signature="setup()[pri:0, instance:SeleniumDemoScript1.POMTestCase@3c72f59f]" started-at="2020-12-19T13:33:06 CST" name="setup" finished-at="2020-12-19T13:33:10 CST" duration-ms="4345" status="PASS">
          <reporter-output>
          </reporter-output>
        </test-method> <!-- setup -->
        <test-method signature="test_Home_Page_Appear_Correct()[pri:0, instance:SeleniumDemoScript1.POMTestCase@3c72f59f]" started-at="2020-12-19T13:33:10 CST" name="test_Home_Page_Appear_Correct" finished-at="2020-12-19T13:33:11 CST" duration-ms="903" status="PASS">
          <reporter-output>
          </reporter-output>
        </test-method> <!-- test_Home_Page_Appear_Correct -->
      </class> <!-- SeleniumDemoScript1.POMTestCase -->
    </test> <!-- Default test -->
  </suite> <!-- Default suite -->
</testng-results>
