<?xml version="1.0" encoding="UTF-8"?>
<!-- Generated by org.testng.reporters.JUnitXMLReporter -->
<testsuite ignored="0" hostname="DESKTOP-QEM9HKR" failures="1" tests="3" name="Simple HTML-XML test" time="0.037" errors="0" timestamp="2020-12-17T15:01:50 CST">
  <testcase classname="SeleniumDemoScript1.SampleReportTest" name="testMethodTwo" time="0.007">
    <failure type="java.lang.AssertionError" message="expected [true] but found [false]">
      <![CDATA[java.lang.AssertionError: expected [true] but found [false]
at SeleniumDemoScript1.SampleReportTest.testMethodTwo(SampleReportTest.java:16)
at java.base/java.util.ArrayList.forEach(ArrayList.java:1511)
... Removed 31 stack frames]]>
    </failure>
  </testcase> <!-- testMethodTwo -->
  <testcase classname="SeleniumDemoScript1.SampleReportTest" name="testMethodOne" time="0.001"/>
  <testcase classname="SeleniumDemoScript1.SampleReportTest" name="testMethodThree" time="0.0">
    <skipped/>
  </testcase> <!-- testMethodThree -->
</testsuite> <!-- Simple HTML-XML test -->
